projectors:
[[0.25 0.25 0.25 0.25]
 [0.25 0.25 0.25 0.25]
 [0.25 0.25 0.25 0.25]
 [0.25 0.25 0.25 0.25]]
[[ 0.25 -0.25 -0.25  0.25]
 [-0.25  0.25  0.25 -0.25]
 [-0.25  0.25  0.25 -0.25]
 [ 0.25 -0.25 -0.25  0.25]]
[[ 0.25 -0.25  0.25 -0.25]
 [-0.25  0.25 -0.25  0.25]
 [ 0.25 -0.25  0.25 -0.25]
 [-0.25  0.25 -0.25  0.25]]
[[ 0.25+0.j    0.  -0.25j  0.  -0.25j -0.25-0.j  ]
 [ 0.  +0.25j  0.25+0.j    0.25+0.j    0.  -0.25j]
 [ 0.  +0.25j  0.25+0.j    0.25+0.j    0.  -0.25j]
 [-0.25+0.j    0.  +0.25j  0.  +0.25j  0.25+0.j  ]]
[[ 0.25+0.j    0.  +0.25j  0.  +0.25j -0.25+0.j  ]
 [ 0.  -0.25j  0.25+0.j    0.25+0.j    0.  +0.25j]
 [ 0.  -0.25j  0.25+0.j    0.25+0.j    0.  +0.25j]
 [-0.25-0.j    0.  -0.25j  0.  -0.25j  0.25+0.j  ]]
[[ 0.25+0.j    0.  +0.25j  0.  -0.25j  0.25+0.j  ]
 [ 0.  -0.25j  0.25+0.j   -0.25-0.j    0.  -0.25j]
 [ 0.  +0.25j -0.25+0.j    0.25+0.j    0.  +0.25j]
 [ 0.25+0.j    0.  +0.25j  0.  -0.25j  0.25+0.j  ]]
[[1 0 0 0]
 [0 0 0 0]
 [0 0 0 0]
 [0 0 0 0]]
[[0 0 0 0]
 [0 0 0 0]
 [0 0 0 0]
 [0 0 0 1]]
[[0 0 0 0]
 [0 1 0 0]
 [0 0 0 0]
 [0 0 0 0]]
[[0.25+0.j   0.  -0.25j 0.25+0.j   0.  -0.25j]
 [0.  +0.25j 0.25+0.j   0.  +0.25j 0.25+0.j  ]
 [0.25+0.j   0.  -0.25j 0.25+0.j   0.  -0.25j]
 [0.  +0.25j 0.25+0.j   0.  +0.25j 0.25+0.j  ]]
[[0.5 0.  0.5 0. ]
 [0.  0.  0.  0. ]
 [0.5 0.  0.5 0. ]
 [0.  0.  0.  0. ]]
[[0.5+0.j  0. +0.j  0. -0.5j 0. +0.j ]
 [0. +0.j  0. +0.j  0. +0.j  0. +0.j ]
 [0. +0.5j 0. +0.j  0.5+0.j  0. +0.j ]
 [0. +0.j  0. +0.j  0. +0.j  0. +0.j ]]
[[0.25+0.j   0.25+0.j   0.  -0.25j 0.  -0.25j]
 [0.25+0.j   0.25+0.j   0.  -0.25j 0.  -0.25j]
 [0.  +0.25j 0.  +0.25j 0.25+0.j   0.25+0.j  ]
 [0.  +0.25j 0.  +0.25j 0.25+0.j   0.25+0.j  ]]
[[0.5 0.5 0.  0. ]
 [0.5 0.5 0.  0. ]
 [0.  0.  0.  0. ]
 [0.  0.  0.  0. ]]
[[0.5+0.j  0. -0.5j 0. +0.j  0. +0.j ]
 [0. +0.5j 0.5+0.j  0. +0.j  0. +0.j ]
 [0. +0.j  0. +0.j  0. +0.j  0. +0.j ]
 [0. +0.j  0. +0.j  0. +0.j  0. +0.j ]]
{'10': 535, '11': 490, '01': 503, '00': 520}
{'11': 512, '10': 533, '00': 481, '01': 522}
{'10': 470, '11': 550, '01': 516, '00': 512}
{'01': 524, '11': 489, '10': 520, '00': 515}
{'10': 507, '00': 508, '01': 549, '11': 484}
{'01': 499, '11': 507, '10': 531, '00': 511}
{'00': 2048}
{'00': 2048}
{'00': 2048}
{'01': 540, '00': 500, '11': 480, '10': 528}
{'01': 1016, '00': 1032}
{'01': 1015, '00': 1033}
{'00': 510, '10': 498, '11': 510, '01': 530}
{'10': 996, '00': 1052}
{'10': 989, '00': 1059}
freqs =
 [0.25 0.25 0.25 0.25 0.24 0.24 1.   0.   0.   0.24 0.5  0.5  0.25 0.51
 0.52]
X = 
[[ 1.  0.  0.  1.  1.  0.  0.  0.  0.  0.  0.  0.  0.  0.  0.]
 [-1.  0.  0. -1.  1.  0.  0.  0.  0.  0.  0.  0.  0.  0.  0.]
 [-1.  0.  0.  1. -1.  0.  0.  0.  0.  0.  0.  0.  0.  0.  0.]
 [ 0.  1.  0.  0.  0.  0.  0.  1.  0.  1.  0.  0.  0.  0.  0.]
 [ 0. -1.  0.  0.  0.  0.  0. -1.  0.  1.  0.  0.  0.  0.  0.]
 [ 0. -1.  0.  0.  0.  0.  0.  1.  0. -1.  0.  0.  0.  0.  0.]
 [ 0.  0.  1.  0.  0.  0.  0.  0.  0.  0.  0.  1.  0.  0.  1.]
 [ 0.  0. -1.  0.  0.  0.  0.  0.  0.  0.  0. -1.  0.  0.  1.]
 [ 0.  0. -1.  0.  0.  0.  0.  0.  0.  0.  0.  1.  0.  0. -1.]
 [ 0.  1.  0.  1.  0.  1.  0.  0.  0.  0.  0.  0.  0.  0.  0.]
 [ 0.  0.  1.  1.  0.  0.  1.  0.  0.  0.  0.  0.  0.  0.  0.]
 [ 0.  0.  1.  0.  0.  0.  0.  1.  0.  0.  1.  0.  0.  0.  0.]
 [ 1.  0.  0.  0.  0.  0.  0.  1.  1.  0.  0.  0.  0.  0.  0.]
 [ 1.  0.  0.  0.  0.  0.  0.  0.  0.  0.  0.  1.  1.  0.  0.]
 [ 0.  1.  0.  0.  0.  0.  0.  0.  0.  0.  0.  1.  0.  1.  0.]]
eigenvals(A) = [-1.48 -1.27 -0.96 -0.74 -0.62 -0.27 -0.2   0.02  0.09  0.39  0.44  0.72
  1.13  1.53  1.73]
theta =
[ 0.5 +0.j  0.52+0.j  1.  +0.j -0.49+0.j -0.5 +0.j -0.54+0.j -0.5 +0.j
 -0.5 +0.j -0.5 +0.j -0.51+0.j -0.49+0.j  0.  +0.j -0.47+0.j -0.49+0.j
  0.  +0.j]
reconstructed density matrix:
[[ 0.75+0.j    0.01-0.02j -0.5 +0.5j   0.01+0.52j]
 [ 0.01+0.02j -0.25+0.j   -0.5 -0.02j  0.  +0.01j]
 [-0.5 -0.5j  -0.5 +0.02j  0.75+0.j    0.48-0.5j ]
 [ 0.01-0.52j  0.  -0.01j  0.48+0.5j  -0.25+0.j  ]]
