projectors:
[[0.25 0.25 0.25 0.25]
 [0.25 0.25 0.25 0.25]
 [0.25 0.25 0.25 0.25]
 [0.25 0.25 0.25 0.25]]
[[ 0.25 -0.25 -0.25  0.25]
 [-0.25  0.25  0.25 -0.25]
 [-0.25  0.25  0.25 -0.25]
 [ 0.25 -0.25 -0.25  0.25]]
[[ 0.25 -0.25  0.25 -0.25]
 [-0.25  0.25 -0.25  0.25]
 [ 0.25 -0.25  0.25 -0.25]
 [-0.25  0.25 -0.25  0.25]]
[[ 0.25+0.j    0.  -0.25j  0.  -0.25j -0.25-0.j  ]
 [ 0.  +0.25j  0.25+0.j    0.25+0.j    0.  -0.25j]
 [ 0.  +0.25j  0.25+0.j    0.25+0.j    0.  -0.25j]
 [-0.25+0.j    0.  +0.25j  0.  +0.25j  0.25+0.j  ]]
[[ 0.25+0.j    0.  +0.25j  0.  +0.25j -0.25+0.j  ]
 [ 0.  -0.25j  0.25+0.j    0.25+0.j    0.  +0.25j]
 [ 0.  -0.25j  0.25+0.j    0.25+0.j    0.  +0.25j]
 [-0.25-0.j    0.  -0.25j  0.  -0.25j  0.25+0.j  ]]
[[ 0.25+0.j    0.  +0.25j  0.  -0.25j  0.25+0.j  ]
 [ 0.  -0.25j  0.25+0.j   -0.25-0.j    0.  -0.25j]
 [ 0.  +0.25j -0.25+0.j    0.25+0.j    0.  +0.25j]
 [ 0.25+0.j    0.  +0.25j  0.  -0.25j  0.25+0.j  ]]
[[1 0 0 0]
 [0 0 0 0]
 [0 0 0 0]
 [0 0 0 0]]
[[0 0 0 0]
 [0 0 0 0]
 [0 0 0 0]
 [0 0 0 1]]
[[0 0 0 0]
 [0 1 0 0]
 [0 0 0 0]
 [0 0 0 0]]
[[0.25+0.j   0.  -0.25j 0.25+0.j   0.  -0.25j]
 [0.  +0.25j 0.25+0.j   0.  +0.25j 0.25+0.j  ]
 [0.25+0.j   0.  -0.25j 0.25+0.j   0.  -0.25j]
 [0.  +0.25j 0.25+0.j   0.  +0.25j 0.25+0.j  ]]
[[0.5 0.  0.5 0. ]
 [0.  0.  0.  0. ]
 [0.5 0.  0.5 0. ]
 [0.  0.  0.  0. ]]
[[0.5+0.j  0. +0.j  0. -0.5j 0. +0.j ]
 [0. +0.j  0. +0.j  0. +0.j  0. +0.j ]
 [0. +0.5j 0. +0.j  0.5+0.j  0. +0.j ]
 [0. +0.j  0. +0.j  0. +0.j  0. +0.j ]]
[[0.25+0.j   0.25+0.j   0.  -0.25j 0.  -0.25j]
 [0.25+0.j   0.25+0.j   0.  -0.25j 0.  -0.25j]
 [0.  +0.25j 0.  +0.25j 0.25+0.j   0.25+0.j  ]
 [0.  +0.25j 0.  +0.25j 0.25+0.j   0.25+0.j  ]]
[[0.5 0.5 0.  0. ]
 [0.5 0.5 0.  0. ]
 [0.  0.  0.  0. ]
 [0.  0.  0.  0. ]]
[[0.5+0.j  0. -0.5j 0. +0.j  0. +0.j ]
 [0. +0.5j 0.5+0.j  0. +0.j  0. +0.j ]
 [0. +0.j  0. +0.j  0. +0.j  0. +0.j ]
 [0. +0.j  0. +0.j  0. +0.j  0. +0.j ]]
{'11': 524, '10': 521, '01': 493, '00': 510}
{'00': 496, '10': 506, '11': 509, '01': 537}
{'00': 514, '01': 527, '11': 502, '10': 505}
{'11': 537, '00': 505, '01': 486, '10': 520}
{'11': 526, '10': 546, '00': 490, '01': 486}
{'11': 509, '10': 521, '00': 514, '01': 504}
{'00': 2048}
{'00': 2048}
{'00': 2048}
{'00': 520, '01': 528, '11': 486, '10': 514}
{'00': 1016, '01': 1032}
{'00': 1060, '01': 988}
{'01': 478, '11': 508, '00': 532, '10': 530}
{'10': 986, '00': 1062}
{'10': 1017, '00': 1031}
freqs =
 [0.25 0.25 0.26 0.25 0.26 0.25 1.   0.   0.   0.25 0.5  0.52 0.26 0.52
 0.5 ]
X = 
[[ 1.  0.  0.  1.  1.  0.  0.  0.  0.  0.  0.  0.  0.  0.  0.]
 [-1.  0.  0. -1.  1.  0.  0.  0.  0.  0.  0.  0.  0.  0.  0.]
 [-1.  0.  0.  1. -1.  0.  0.  0.  0.  0.  0.  0.  0.  0.  0.]
 [ 0.  1.  0.  0.  0.  0.  0.  1.  0.  1.  0.  0.  0.  0.  0.]
 [ 0. -1.  0.  0.  0.  0.  0. -1.  0.  1.  0.  0.  0.  0.  0.]
 [ 0. -1.  0.  0.  0.  0.  0.  1.  0. -1.  0.  0.  0.  0.  0.]
 [ 0.  0.  1.  0.  0.  0.  0.  0.  0.  0.  0.  1.  0.  0.  1.]
 [ 0.  0. -1.  0.  0.  0.  0.  0.  0.  0.  0. -1.  0.  0.  1.]
 [ 0.  0. -1.  0.  0.  0.  0.  0.  0.  0.  0.  1.  0.  0. -1.]
 [ 0.  1.  0.  1.  0.  1.  0.  0.  0.  0.  0.  0.  0.  0.  0.]
 [ 0.  0.  1.  1.  0.  0.  1.  0.  0.  0.  0.  0.  0.  0.  0.]
 [ 0.  0.  1.  0.  0.  0.  0.  1.  0.  0.  1.  0.  0.  0.  0.]
 [ 1.  0.  0.  0.  0.  0.  0.  1.  1.  0.  0.  0.  0.  0.  0.]
 [ 1.  0.  0.  0.  0.  0.  0.  0.  0.  0.  0.  1.  1.  0.  0.]
 [ 0.  1.  0.  0.  0.  0.  0.  0.  0.  0.  0.  1.  0.  1.  0.]]
eigenvals(A) = [-1.48 -1.27 -0.96 -0.74 -0.62 -0.27 -0.2   0.02  0.09  0.39  0.44  0.72
  1.13  1.53  1.73]
theta =
[ 0.49+0.j  0.5 +0.j  1.  +0.j -0.49+0.j -0.5 +0.j -0.5 +0.j -0.51+0.j
 -0.51+0.j -0.47+0.j -0.5 +0.j -0.46+0.j  0.  +0.j -0.46+0.j -0.49+0.j
  0.  +0.j]
reconstructed density matrix:
[[ 0.75+0.j    0.02-0.j   -0.5 +0.48j -0.  +0.48j]
 [ 0.02+0.j   -0.25+0.j   -0.5 -0.01j  0.01+0.02j]
 [-0.5 -0.48j -0.5 +0.01j  0.75+0.j    0.48-0.49j]
 [-0.  -0.48j  0.01-0.02j  0.48+0.49j -0.25+0.j  ]]
